# JRE version: OpenJDK Runtime Environment (17.0.10) (build 17.0.10+0--11572160)
# Java VM: OpenJDK 64-Bit Server VM (17.0.10+0--11572160, mixed mode, tiered, compressed oops, compressed class ptrs, g1 gc, windows-amd64)
GC Precious Log:
 CPUs: 8 total, 8 available
 Memory: 12169M
 Large Page Support: Disabled
 NUMA Support: Disabled
 Compressed Oops: Enabled (32-bit)
 Heap Region Size: 1M
 Heap Min Capacity: 8M
 Heap Initial Capacity: 192M
 Heap Max Capacity: 2G
 Pre-touch: Disabled
 Parallel Workers: 8
 Concurrent Workers: 2
 Concurrent Refinement Workers: 8
 Periodic GC: Disabled
Heap:
 garbage-first heap   total 473088K, used 120065K [0x0000000080000000, 0x0000000100000000)
  region size 1024K, 3 young (3072K), 3 survivors (3072K)
 Metaspace       used 139140K, committed 140608K, reserved 1179648K
  class space    used 18743K, committed 19456K, reserved 1048576K
GC Heap History (20 events):
Event: 1024.801 GC heap after
{Heap after GC invocations=62 (full 0):
 garbage-first heap   total 427008K, used 119511K [0x0000000080000000, 0x0000000100000000)
  region size 1024K, 3 young (3072K), 3 survivors (3072K)
 Metaspace       used 137159K, committed 138432K, reserved 1179648K
  class space    used 18639K, committed 19264K, reserved 1048576K
}
Event: 1025.568 GC heap before
{Heap before GC invocations=62 (full 0):
 garbage-first heap   total 427008K, used 173783K [0x0000000080000000, 0x0000000100000000)
  region size 1024K, 58 young (59392K), 3 survivors (3072K)
 Metaspace       used 137528K, committed 138944K, reserved 1179648K
  class space    used 18678K, committed 19328K, reserved 1048576K
}
Event: 1025.579 GC heap after
{Heap after GC invocations=63 (full 0):
 garbage-first heap   total 427008K, used 125944K [0x0000000080000000, 0x0000000100000000)
  region size 1024K, 9 young (9216K), 9 survivors (9216K)
 Metaspace       used 137528K, committed 138944K, reserved 1179648K
  class space    used 18678K, committed 19328K, reserved 1048576K
}
Event: 1219.078 GC heap before
{Heap before GC invocations=64 (full 0):
 garbage-first heap   total 427008K, used 323576K [0x0000000080000000, 0x0000000100000000)
  region size 1024K, 177 young (181248K), 9 survivors (9216K)
 Metaspace       used 138046K, committed 139520K, reserved 1179648K
  class space    used 18711K, committed 19392K, reserved 1048576K
}
Event: 1219.090 GC heap after
{Heap after GC invocations=65 (full 0):
 garbage-first heap   total 427008K, used 130803K [0x0000000080000000, 0x0000000100000000)
  region size 1024K, 12 young (12288K), 12 survivors (12288K)
 Metaspace       used 138046K, committed 139520K, reserved 1179648K
  class space    used 18711K, committed 19392K, reserved 1048576K
}
Event: 1219.185 GC heap before
{Heap before GC invocations=65 (full 0):
 garbage-first heap   total 427008K, used 138995K [0x0000000080000000, 0x0000000100000000)
  region size 1024K, 20 young (20480K), 12 survivors (12288K)
 Metaspace       used 138078K, committed 139520K, reserved 1179648K
  class space    used 18711K, committed 19392K, reserved 1048576K
}
Event: 1219.204 GC heap after
{Heap after GC invocations=66 (full 0):
 garbage-first heap   total 427008K, used 126061K [0x0000000080000000, 0x0000000100000000)
  region size 1024K, 3 young (3072K), 3 survivors (3072K)
 Metaspace       used 138078K, committed 139520K, reserved 1179648K
  class space    used 18711K, committed 19392K, reserved 1048576K
}
Event: 1219.729 GC heap before
{Heap before GC invocations=66 (full 0):
 garbage-first heap   total 427008K, used 156781K [0x0000000080000000, 0x0000000100000000)
  region size 1024K, 35 young (35840K), 3 survivors (3072K)
 Metaspace       used 138179K, committed 139648K, reserved 1179648K
  class space    used 18711K, committed 19392K, reserved 1048576K
}
Event: 1219.737 GC heap after
{Heap after GC invocations=67 (full 0):
 garbage-first heap   total 427008K, used 130275K [0x0000000080000000, 0x0000000100000000)
  region size 1024K, 8 young (8192K), 8 survivors (8192K)
 Metaspace       used 138179K, committed 139648K, reserved 1179648K
  class space    used 18711K, committed 19392K, reserved 1048576K
}
Event: 1396.437 GC heap before
{Heap before GC invocations=68 (full 0):
 garbage-first heap   total 427008K, used 316643K [0x0000000080000000, 0x0000000100000000)
  region size 1024K, 175 young (179200K), 8 survivors (8192K)
 Metaspace       used 138550K, committed 139968K, reserved 1179648K
  class space    used 18716K, committed 19392K, reserved 1048576K
}
Event: 1396.453 GC heap after
{Heap after GC invocations=69 (full 0):
 garbage-first heap   total 427008K, used 142384K [0x0000000080000000, 0x0000000100000000)
  region size 1024K, 15 young (15360K), 15 survivors (15360K)
 Metaspace       used 138550K, committed 139968K, reserved 1179648K
  class space    used 18716K, committed 19392K, reserved 1048576K
}
Event: 1396.498 GC heap before
{Heap before GC invocations=69 (full 0):
 garbage-first heap   total 427008K, used 147504K [0x0000000080000000, 0x0000000100000000)
  region size 1024K, 20 young (20480K), 15 survivors (15360K)
 Metaspace       used 138559K, committed 139968K, reserved 1179648K
  class space    used 18716K, committed 19392K, reserved 1048576K
}
Event: 1396.511 GC heap after
{Heap after GC invocations=70 (full 0):
 garbage-first heap   total 427008K, used 123042K [0x0000000080000000, 0x0000000100000000)
  region size 1024K, 2 young (2048K), 2 survivors (2048K)
 Metaspace       used 138559K, committed 139968K, reserved 1179648K
  class space    used 18716K, committed 19392K, reserved 1048576K
}
Event: 1396.759 GC heap before
{Heap before GC invocations=70 (full 0):
 garbage-first heap   total 427008K, used 137378K [0x0000000080000000, 0x0000000100000000)
  region size 1024K, 18 young (18432K), 2 survivors (2048K)
 Metaspace       used 138677K, committed 140096K, reserved 1179648K
  class space    used 18716K, committed 19392K, reserved 1048576K
}
Event: 1396.763 GC heap after
{Heap after GC invocations=71 (full 0):
 garbage-first heap   total 427008K, used 122503K [0x0000000080000000, 0x0000000100000000)
  region size 1024K, 2 young (2048K), 2 survivors (2048K)
 Metaspace       used 138677K, committed 140096K, reserved 1179648K
  class space    used 18716K, committed 19392K, reserved 1048576K
}
Event: 2423.314 GC heap before
{Heap before GC invocations=72 (full 0):
 garbage-first heap   total 427008K, used 341639K [0x0000000080000000, 0x0000000100000000)
  region size 1024K, 193 young (197632K), 2 survivors (2048K)
 Metaspace       used 138944K, committed 140352K, reserved 1179648K
  class space    used 18716K, committed 19392K, reserved 1048576K
}
Event: 2423.325 GC heap after
{Heap after GC invocations=73 (full 0):
 garbage-first heap   total 427008K, used 127582K [0x0000000080000000, 0x0000000100000000)
  region size 1024K, 7 young (7168K), 7 survivors (7168K)
 Metaspace       used 138944K, committed 140352K, reserved 1179648K
  class space    used 18716K, committed 19392K, reserved 1048576K
}
Event: 2423.628 GC heap before
{Heap before GC invocations=73 (full 0):
 garbage-first heap   total 427008K, used 140894K [0x0000000080000000, 0x0000000100000000)
  region size 1024K, 20 young (20480K), 7 survivors (7168K)
 Metaspace       used 138972K, committed 140416K, reserved 1179648K
  class space    used 18716K, committed 19392K, reserved 1048576K
}
Event: 2423.642 GC heap after
{Heap after GC invocations=74 (full 0):
 garbage-first heap   total 427008K, used 119876K [0x0000000080000000, 0x0000000100000000)
  region size 1024K, 3 young (3072K), 3 survivors (3072K)
 Metaspace       used 138972K, committed 140416K, reserved 1179648K
  class space    used 18716K, committed 19392K, reserved 1048576K
}
Event: 2423.859 GC heap before
{Heap before GC invocations=74 (full 0):
 garbage-first heap   total 427008K, used 126020K [0x0000000080000000, 0x0000000100000000)
  region size 1024K, 10 young (10240K), 3 survivors (3072K)
 Metaspace       used 139140K, committed 140608K, reserved 1179648K
  class space    used 18743K, committed 19456K, reserved 1048576K
}

